TN:
SF:/Users/junronngcai/Documents/projects/vjs-imooc/lib/SchemaForm.tsx
FN:79,(anonymous_0)
FN:80,(anonymous_1)
FN:88,(anonymous_2)
FN:99,(anonymous_3)
FN:108,(anonymous_4)
FN:118,(anonymous_5)
FN:119,(anonymous_6)
FN:127,doValidate
FN:149,(anonymous_8)
FN:150,(anonymous_9)
FN:153,(anonymous_10)
FN:154,(anonymous_11)
FN:167,(anonymous_12)
FN:172,(anonymous_13)
FN:182,(anonymous_14)
FN:188,(anonymous_15)
FN:190,(anonymous_16)
FN:198,(anonymous_17)
FN:210,(anonymous_18)
FNF:19
FNH:10
FNDA:7,(anonymous_0)
FNDA:4,(anonymous_1)
FNDA:7,(anonymous_2)
FNDA:0,(anonymous_3)
FNDA:0,(anonymous_4)
FNDA:10,(anonymous_5)
FNDA:3,(anonymous_6)
FNDA:0,doValidate
FNDA:7,(anonymous_8)
FNDA:7,(anonymous_9)
FNDA:0,(anonymous_10)
FNDA:0,(anonymous_11)
FNDA:0,(anonymous_12)
FNDA:0,(anonymous_13)
FNDA:7,(anonymous_14)
FNDA:0,(anonymous_15)
FNDA:0,(anonymous_16)
FNDA:20,(anonymous_17)
FNDA:7,(anonymous_18)
DA:13,3
DA:25,3
DA:26,3
DA:27,3
DA:37,3
DA:42,3
DA:80,7
DA:81,4
DA:84,7
DA:86,7
DA:88,7
DA:90,7
DA:95,7
DA:96,0
DA:99,0
DA:100,0
DA:104,7
DA:105,0
DA:108,0
DA:109,0
DA:114,7
DA:115,7
DA:117,7
DA:118,10
DA:120,3
DA:121,0
DA:128,0
DA:129,0
DA:130,0
DA:137,0
DA:138,0
DA:140,0
DA:142,0
DA:143,0
DA:148,7
DA:149,7
DA:151,7
DA:152,0
DA:154,0
DA:155,0
DA:156,0
DA:167,7
DA:168,0
DA:169,0
DA:172,0
DA:174,0
DA:175,0
DA:178,0
DA:182,7
DA:183,7
DA:184,0
DA:188,0
DA:189,0
DA:190,0
DA:191,0
DA:192,0
DA:195,0
DA:198,20
DA:201,7
DA:208,7
DA:210,7
DA:211,7
DA:212,7
LF:63
LH:31
BRDA:95,0,0,0
BRDA:95,0,1,7
BRDA:97,1,0,0
BRDA:97,1,1,0
BRDA:104,2,0,0
BRDA:104,2,1,7
BRDA:106,3,0,0
BRDA:106,3,1,0
BRDA:120,4,0,0
BRDA:120,4,1,3
BRDA:137,5,0,0
BRDA:137,5,1,0
BRDA:151,6,0,0
BRDA:151,6,1,7
BRDA:168,7,0,0
BRDA:168,7,1,0
BRDA:170,8,0,0
BRDA:170,8,1,0
BRDA:183,9,0,0
BRDA:183,9,1,7
BRDA:185,10,0,0
BRDA:185,10,1,0
BRDA:191,11,0,0
BRDA:191,11,1,0
BRDA:218,12,0,7
BRDA:218,12,1,7
BRDA:219,13,0,7
BRDA:219,13,1,0
BRF:28
BRH:8
end_of_record
TN:
SF:/Users/junronngcai/Documents/projects/vjs-imooc/lib/SchemaItem.tsx
FN:17,(anonymous_0)
FN:20,(anonymous_1)
FN:27,(anonymous_2)
FNF:3
FNH:3
FNDA:17,(anonymous_0)
FNDA:20,(anonymous_1)
FNDA:23,(anonymous_2)
DA:3,3
DA:5,3
DA:6,3
DA:8,3
DA:9,3
DA:11,3
DA:12,3
DA:14,3
DA:18,17
DA:20,17
DA:21,20
DA:22,20
DA:27,17
DA:28,23
DA:30,23
DA:34,23
DA:38,23
DA:40,9
DA:41,9
DA:44,8
DA:45,8
DA:48,3
DA:49,3
DA:52,3
DA:53,3
DA:56,0
DA:60,23
LF:27
LH:26
BRDA:39,0,0,9
BRDA:39,0,1,8
BRDA:39,0,2,3
BRDA:39,0,3,3
BRDA:39,0,4,0
BRF:5
BRH:4
end_of_record
TN:
SF:/Users/junronngcai/Documents/projects/vjs-imooc/lib/context.ts
FN:6,useVJSFContext
FNF:1
FNH:1
FNDA:40,useVJSFContext
DA:1,3
DA:4,3
DA:13,40
DA:15,40
DA:16,0
DA:19,40
LF:6
LH:5
BRDA:15,0,0,0
BRDA:15,0,1,40
BRF:2
BRH:1
end_of_record
TN:
SF:/Users/junronngcai/Documents/projects/vjs-imooc/lib/index.ts
FN:12,(anonymous_5)
FNF:1
FNH:1
FNDA:21,(anonymous_5)
DA:3,3
DA:4,3
DA:5,3
DA:6,3
DA:7,3
DA:8,3
DA:10,3
DA:12,90
LF:8
LH:8
BRDA:12,0,0,42
BRDA:12,0,1,84
BRF:2
BRH:2
end_of_record
TN:
SF:/Users/junronngcai/Documents/projects/vjs-imooc/lib/theme.tsx
FN:33,(anonymous_0)
FN:34,(anonymous_1)
FN:38,(anonymous_2)
FN:42,getWidget
FN:67,(anonymous_4)
FNF:5
FNH:5
FNDA:7,(anonymous_0)
FNDA:7,(anonymous_1)
FNDA:7,(anonymous_2)
FNDA:17,getWidget
FNDA:17,(anonymous_4)
DA:1,3
DA:20,3
DA:21,3
DA:23,3
DA:25,3
DA:34,7
DA:36,7
DA:38,7
DA:46,17
DA:48,17
DA:49,9
DA:50,9
DA:51,0
DA:53,9
DA:54,0
DA:55,0
DA:60,17
DA:63,17
DA:64,0
DA:67,17
DA:68,17
DA:71,17
DA:74,3
LF:23
LH:19
BRDA:38,0,0,7
BRDA:38,0,1,7
BRDA:48,1,0,9
BRDA:48,1,1,8
BRDA:50,2,0,0
BRDA:50,2,1,9
BRDA:50,3,0,9
BRDA:50,3,1,0
BRDA:53,4,0,0
BRDA:53,4,1,9
BRDA:54,5,0,0
BRDA:54,5,1,0
BRDA:63,6,0,0
BRDA:63,6,1,17
BRF:14
BRH:8
end_of_record
TN:
SF:/Users/junronngcai/Documents/projects/vjs-imooc/lib/types.ts
FN:5,(anonymous_0)
FN:129,(anonymous_1)
FN:133,(anonymous_2)
FNF:3
FNH:3
FNDA:3,(anonymous_0)
FNDA:3,(anonymous_1)
FNDA:3,(anonymous_2)
DA:1,3
DA:5,3
DA:6,3
DA:7,3
DA:8,3
DA:9,3
DA:10,3
DA:11,3
DA:54,3
DA:80,3
DA:86,3
DA:104,3
DA:129,3
DA:130,3
DA:133,3
DA:134,3
DA:135,3
LF:17
LH:17
BRDA:5,0,0,3
BRDA:5,0,1,3
BRDA:129,1,0,3
BRDA:129,1,1,3
BRDA:133,2,0,3
BRDA:133,2,1,3
BRF:6
BRH:6
end_of_record
TN:
SF:/Users/junronngcai/Documents/projects/vjs-imooc/lib/utils.ts
FN:9,isObject
FN:13,isEmptyObject
FN:17,hasOwnProperty
FN:30,validateData
FN:40,resolveSchema
FN:49,(anonymous_5)
FN:59,retrieveSchema
FN:99,stubExistingAdditionalProperties
FN:110,(anonymous_8)
FN:151,resolveReference
FN:160,findSchemaDefinition
FN:179,resolveDependencies
FN:199,processDependencies
FN:243,withDependentProperties
FN:253,withDependentSchema
FN:274,(anonymous_15)
FN:288,withExactlyOneSubschema
FN:295,(anonymous_17)
FN:337,mergeSchemas
FN:339,(anonymous_19)
FN:371,getSchemaType
FN:388,(anonymous_21)
FN:420,guessType
FN:438,isConstant
FN:445,isSelect
FN:451,(anonymous_25)
FN:456,isMultiSelect
FN:464,getMatchingOption
FN:483,(anonymous_28)
FN:523,mergeDefaultsWithFormData
FN:528,(anonymous_30)
FN:536,(anonymous_31)
FN:548,getDefaultFormState
FNF:33
FNH:4
FNDA:29,isObject
FNDA:0,isEmptyObject
FNDA:60,hasOwnProperty
FNDA:0,validateData
FNDA:20,resolveSchema
FNDA:0,(anonymous_5)
FNDA:20,retrieveSchema
FNDA:0,stubExistingAdditionalProperties
FNDA:0,(anonymous_8)
FNDA:0,resolveReference
FNDA:0,findSchemaDefinition
FNDA:0,resolveDependencies
FNDA:0,processDependencies
FNDA:0,withDependentProperties
FNDA:0,withDependentSchema
FNDA:0,(anonymous_15)
FNDA:0,withExactlyOneSubschema
FNDA:0,(anonymous_17)
FNDA:0,mergeSchemas
FNDA:0,(anonymous_19)
FNDA:0,getSchemaType
FNDA:0,(anonymous_21)
FNDA:0,guessType
FNDA:0,isConstant
FNDA:0,isSelect
FNDA:0,(anonymous_25)
FNDA:0,isMultiSelect
FNDA:0,getMatchingOption
FNDA:0,(anonymous_28)
FNDA:0,mergeDefaultsWithFormData
FNDA:0,(anonymous_30)
FNDA:0,(anonymous_31)
FNDA:0,getDefaultFormState
DA:1,3
DA:5,3
DA:6,3
DA:7,3
DA:10,29
DA:14,0
DA:22,60
DA:29,3
DA:31,0
DA:32,0
DA:41,20
DA:42,0
DA:43,20
DA:44,0
DA:45,0
DA:46,20
DA:47,0
DA:50,0
DA:55,20
DA:64,20
DA:65,0
DA:67,20
DA:70,20
DA:71,0
DA:72,0
DA:78,0
DA:79,0
DA:80,0
DA:84,20
DA:86,20
DA:88,0
DA:94,20
DA:97,3
DA:105,0
DA:110,0
DA:111,0
DA:113,0
DA:117,0
DA:118,0
DA:123,0
DA:124,0
DA:126,0
DA:130,0
DA:132,0
DA:135,0
DA:153,0
DA:155,0
DA:157,0
DA:161,0
DA:162,0
DA:164,0
DA:166,0
DA:168,0
DA:169,0
DA:170,0
DA:172,0
DA:174,0
DA:176,0
DA:185,0
DA:186,0
DA:187,0
DA:191,0
DA:192,0
DA:197,0
DA:206,0
DA:208,0
DA:209,0
DA:212,0
DA:216,0
DA:221,0
DA:222,0
DA:223,0
DA:224,0
DA:225,0
DA:233,0
DA:240,0
DA:244,0
DA:245,0
DA:247,0
DA:250,0
DA:261,0
DA:266,0
DA:268,0
DA:269,0
DA:270,0
DA:271,0
DA:274,0
DA:275,0
DA:279,0
DA:295,0
DA:296,0
DA:297,0
DA:299,0
DA:300,0
DA:301,0
DA:308,0
DA:309,0
DA:312,0
DA:313,0
DA:316,0
DA:319,0
DA:323,0
DA:324,0
DA:325,0
DA:338,0
DA:339,0
DA:340,0
DA:341,0
DA:342,0
DA:343,0
DA:344,0
DA:354,0
DA:356,0
DA:358,0
DA:372,0
DA:374,0
DA:375,0
DA:378,0
DA:379,0
DA:382,0
DA:383,0
DA:386,0
DA:387,0
DA:388,0
DA:391,0
DA:420,3
DA:421,0
DA:422,0
DA:423,0
DA:424,0
DA:425,0
DA:426,0
DA:427,0
DA:428,0
DA:429,0
DA:430,0
DA:431,0
DA:432,0
DA:435,0
DA:439,0
DA:446,0
DA:447,0
DA:448,0
DA:449,0
DA:450,0
DA:451,0
DA:453,0
DA:457,0
DA:458,0
DA:460,0
DA:469,0
DA:470,0
DA:479,0
DA:482,0
DA:483,0
DA:491,0
DA:493,0
DA:495,0
DA:496,0
DA:499,0
DA:502,0
DA:504,0
DA:506,0
DA:511,0
DA:513,0
DA:514,0
DA:516,0
DA:517,0
DA:520,0
DA:524,0
DA:525,0
DA:526,0
DA:528,0
DA:529,0
DA:530,0
DA:532,0
DA:534,0
DA:535,0
DA:536,0
DA:537,0
DA:541,0
DA:544,0
DA:554,0
DA:555,0
DA:558,0
DA:567,0
DA:569,0
DA:571,0
DA:572,0
DA:574,0
DA:575,0
DA:577,0
LF:192
LH:19
BRDA:10,0,0,29
BRDA:10,0,1,29
BRDA:10,0,2,29
BRDA:14,1,0,0
BRDA:14,1,1,0
BRDA:40,2,0,0
BRDA:40,3,0,0
BRDA:41,4,0,0
BRDA:41,4,1,20
BRDA:43,5,0,0
BRDA:43,5,1,20
BRDA:46,6,0,0
BRDA:46,6,1,20
BRDA:46,7,0,20
BRDA:46,7,1,0
BRDA:61,8,0,0
BRDA:62,9,0,8
BRDA:64,10,0,0
BRDA:64,10,1,20
BRDA:70,11,0,0
BRDA:70,11,1,20
BRDA:84,12,0,20
BRDA:84,12,1,0
BRDA:86,13,0,0
BRDA:86,13,1,20
BRDA:101,14,0,0
BRDA:102,15,0,0
BRDA:111,16,0,0
BRDA:111,16,1,0
BRDA:117,17,0,0
BRDA:117,17,1,0
BRDA:123,18,0,0
BRDA:123,18,1,0
BRDA:160,19,0,0
BRDA:162,20,0,0
BRDA:162,20,1,0
BRDA:169,21,0,0
BRDA:169,21,1,0
BRDA:172,22,0,0
BRDA:172,22,1,0
BRDA:185,23,0,0
BRDA:186,24,0,0
BRDA:186,24,1,0
BRDA:191,25,0,0
BRDA:191,25,1,0
BRDA:208,26,0,0
BRDA:208,26,1,0
BRDA:212,27,0,0
BRDA:212,27,1,0
BRDA:213,28,0,0
BRDA:213,28,1,0
BRDA:222,29,0,0
BRDA:222,29,1,0
BRDA:224,30,0,0
BRDA:224,30,1,0
BRDA:244,31,0,0
BRDA:244,31,1,0
BRDA:248,32,0,0
BRDA:248,32,1,0
BRDA:268,33,0,0
BRDA:268,33,1,0
BRDA:270,34,0,0
BRDA:270,34,1,0
BRDA:276,35,0,0
BRDA:276,35,1,0
BRDA:296,36,0,0
BRDA:296,36,1,0
BRDA:300,37,0,0
BRDA:300,37,1,0
BRDA:309,38,0,0
BRDA:309,38,1,0
BRDA:312,39,0,0
BRDA:312,39,1,0
BRDA:340,40,0,0
BRDA:340,40,1,0
BRDA:342,41,0,0
BRDA:342,41,1,0
BRDA:342,42,0,0
BRDA:342,42,1,0
BRDA:342,42,2,0
BRDA:344,43,0,0
BRDA:344,43,1,0
BRDA:345,44,0,0
BRDA:345,44,1,0
BRDA:345,44,2,0
BRDA:345,44,3,0
BRDA:345,44,4,0
BRDA:345,44,5,0
BRDA:345,44,6,0
BRDA:374,45,0,0
BRDA:374,45,1,0
BRDA:374,46,0,0
BRDA:374,46,1,0
BRDA:378,47,0,0
BRDA:378,47,1,0
BRDA:378,48,0,0
BRDA:378,48,1,0
BRDA:382,49,0,0
BRDA:382,49,1,0
BRDA:382,50,0,0
BRDA:382,50,1,0
BRDA:382,50,2,0
BRDA:387,51,0,0
BRDA:387,51,1,0
BRDA:387,52,0,0
BRDA:387,52,1,0
BRDA:387,52,2,0
BRDA:421,53,0,0
BRDA:421,53,1,0
BRDA:423,54,0,0
BRDA:423,54,1,0
BRDA:425,55,0,0
BRDA:425,55,1,0
BRDA:427,56,0,0
BRDA:427,56,1,0
BRDA:429,57,0,0
BRDA:429,57,1,0
BRDA:431,58,0,0
BRDA:431,58,1,0
BRDA:440,59,0,0
BRDA:440,59,1,0
BRDA:440,59,2,0
BRDA:445,60,0,0
BRDA:447,61,0,0
BRDA:447,61,1,0
BRDA:448,62,0,0
BRDA:448,62,1,0
BRDA:450,63,0,0
BRDA:450,63,1,0
BRDA:456,64,0,0
BRDA:457,65,0,0
BRDA:457,65,1,0
BRDA:457,66,0,0
BRDA:457,66,1,0
BRDA:479,67,0,0
BRDA:479,67,1,0
BRDA:491,68,0,0
BRDA:491,68,1,0
BRDA:495,69,0,0
BRDA:495,69,1,0
BRDA:513,70,0,0
BRDA:513,70,1,0
BRDA:516,71,0,0
BRDA:516,71,1,0
BRDA:524,72,0,0
BRDA:524,72,1,0
BRDA:525,73,0,0
BRDA:525,73,1,0
BRDA:529,74,0,0
BRDA:529,74,1,0
BRDA:534,75,0,0
BRDA:534,75,1,0
BRDA:538,76,0,0
BRDA:538,76,1,0
BRDA:554,77,0,0
BRDA:554,77,1,0
BRDA:567,78,0,0
BRDA:567,78,1,0
BRDA:571,79,0,0
BRDA:571,79,1,0
BRDA:571,80,0,0
BRDA:571,80,1,0
BRDA:574,81,0,0
BRDA:574,81,1,0
BRDA:574,82,0,0
BRDA:574,82,1,0
BRDA:574,82,2,0
BRDA:577,83,0,0
BRDA:577,83,1,0
BRF:169
BRH:12
end_of_record
TN:
SF:/Users/junronngcai/Documents/projects/vjs-imooc/lib/validator.ts
FN:23,toErrorSchema
FN:26,(anonymous_1)
FN:63,transformErrors
FN:68,(anonymous_3)
FN:79,validateFormData
FN:135,createErrorProxy
FN:138,(anonymous_6)
FN:140,(anonymous_7)
FN:161,mergeObjects
FN:164,(anonymous_9)
FNF:10
FNH:0
FNDA:0,toErrorSchema
FNDA:0,(anonymous_1)
FNDA:0,transformErrors
FNDA:0,(anonymous_3)
FNDA:0,validateFormData
FNDA:0,createErrorProxy
FNDA:0,(anonymous_6)
FNDA:0,(anonymous_7)
FNDA:0,mergeObjects
FNDA:0,(anonymous_9)
DA:2,3
DA:3,3
DA:6,3
DA:24,0
DA:26,0
DA:27,0
DA:28,0
DA:29,0
DA:33,0
DA:34,0
DA:42,0
DA:43,0
DA:44,0
DA:46,0
DA:49,0
DA:53,0
DA:55,0
DA:56,0
DA:59,0
DA:66,0
DA:68,0
DA:69,0
DA:86,0
DA:87,0
DA:88,0
DA:90,0
DA:93,0
DA:94,0
DA:96,0
DA:97,0
DA:105,0
DA:106,0
DA:107,0
DA:124,0
DA:125,0
DA:126,0
DA:128,0
DA:136,0
DA:137,0
DA:139,0
DA:140,0
DA:141,0
DA:142,0
DA:143,0
DA:145,0
DA:149,0
DA:150,0
DA:151,0
DA:152,0
DA:153,0
DA:156,0
DA:163,0
DA:164,0
DA:165,0
DA:166,0
DA:167,0
DA:168,0
DA:169,0
DA:170,0
DA:172,0
DA:174,0
LF:61
LH:3
BRDA:24,0,0,0
BRDA:24,0,1,0
BRDA:33,1,0,0
BRDA:33,1,1,0
BRDA:33,2,0,0
BRDA:33,2,1,0
BRDA:43,3,0,0
BRDA:43,3,1,0
BRDA:49,4,0,0
BRDA:49,4,1,0
BRDA:53,5,0,0
BRDA:53,5,1,0
BRDA:55,6,0,0
BRDA:55,6,1,0
BRDA:66,7,0,0
BRDA:66,7,1,0
BRDA:66,8,0,0
BRDA:66,8,1,0
BRDA:83,9,0,0
BRDA:96,10,0,0
BRDA:96,10,1,0
BRDA:106,11,0,0
BRDA:106,11,1,0
BRDA:139,12,0,0
BRDA:139,12,1,0
BRDA:142,13,0,0
BRDA:142,13,1,0
BRDA:142,14,0,0
BRDA:142,14,1,0
BRDA:150,15,0,0
BRDA:150,15,1,0
BRDA:161,16,0,0
BRDA:165,17,0,0
BRDA:165,17,1,0
BRDA:167,18,0,0
BRDA:167,18,1,0
BRDA:167,19,0,0
BRDA:167,19,1,0
BRDA:167,19,2,0
BRDA:169,20,0,0
BRDA:169,20,1,0
BRDA:169,21,0,0
BRDA:169,21,1,0
BRDA:169,21,2,0
BRF:44
BRH:0
end_of_record
TN:
SF:/Users/junronngcai/Documents/projects/vjs-imooc/lib/fields/ArrayField.tsx
FN:54,(anonymous_0)
FN:57,(anonymous_1)
FN:58,(anonymous_2)
FN:59,(anonymous_3)
FN:60,(anonymous_4)
FN:62,(anonymous_5)
FN:106,(anonymous_6)
FN:109,(anonymous_7)
FN:118,(anonymous_8)
FN:127,(anonymous_9)
FN:136,(anonymous_10)
FN:147,(anonymous_11)
FN:161,(anonymous_12)
FN:174,(anonymous_13)
FN:187,(anonymous_14)
FN:194,(anonymous_15)
FN:195,(anonymous_16)
FN:210,(anonymous_17)
FN:217,(anonymous_18)
FNF:19
FNH:8
FNDA:2,(anonymous_0)
FNDA:0,(anonymous_1)
FNDA:0,(anonymous_2)
FNDA:0,(anonymous_3)
FNDA:0,(anonymous_4)
FNDA:2,(anonymous_5)
FNDA:3,(anonymous_6)
FNDA:0,(anonymous_7)
FNDA:0,(anonymous_8)
FNDA:0,(anonymous_9)
FNDA:0,(anonymous_10)
FNDA:0,(anonymous_11)
FNDA:3,(anonymous_12)
FNDA:2,(anonymous_13)
FNDA:0,(anonymous_14)
FNDA:2,(anonymous_15)
FNDA:2,(anonymous_16)
FNDA:0,(anonymous_17)
FNDA:3,(anonymous_18)
DA:2,3
DA:4,3
DA:6,3
DA:7,3
DA:11,3
DA:30,3
DA:55,2
DA:57,2
DA:58,2
DA:59,2
DA:60,2
DA:62,2
DA:63,2
DA:64,2
DA:103,3
DA:107,3
DA:109,3
DA:110,0
DA:111,0
DA:113,0
DA:115,0
DA:118,3
DA:119,0
DA:120,0
DA:122,0
DA:124,0
DA:127,3
DA:128,0
DA:129,0
DA:131,0
DA:133,0
DA:136,3
DA:137,0
DA:138,0
DA:139,0
DA:141,0
DA:142,0
DA:144,0
DA:147,3
DA:148,0
DA:149,0
DA:151,0
DA:153,0
DA:154,0
DA:156,0
DA:159,3
DA:161,3
DA:162,3
DA:164,3
DA:165,3
DA:168,3
DA:169,3
DA:171,3
DA:172,1
DA:173,1
DA:174,1
DA:175,2
DA:176,2
DA:179,2
DA:187,0
DA:191,2
DA:192,1
DA:194,1
DA:195,4
DA:210,0
DA:216,1
DA:217,3
DA:221,1
DA:232,0
LF:69
LH:42
BRDA:80,0,0,2
BRDA:80,0,1,2
BRDA:111,1,0,0
BRDA:111,1,1,0
BRDA:120,2,0,0
BRDA:120,2,1,0
BRDA:129,3,0,0
BRDA:129,3,1,0
BRDA:137,4,0,0
BRDA:137,4,1,0
BRDA:139,5,0,0
BRDA:139,5,1,0
BRDA:149,6,0,0
BRDA:149,6,1,0
BRDA:151,7,0,0
BRDA:151,7,1,0
BRDA:169,8,0,3
BRDA:169,8,1,3
BRDA:171,9,0,1
BRDA:171,9,1,2
BRDA:173,10,0,1
BRDA:173,10,1,0
BRDA:177,11,0,0
BRDA:177,11,1,2
BRDA:177,12,0,0
BRDA:177,12,1,0
BRDA:178,13,0,2
BRDA:178,13,1,2
BRDA:186,14,0,2
BRDA:186,14,1,2
BRDA:191,15,0,1
BRDA:191,15,1,1
BRDA:192,16,0,1
BRDA:192,16,1,0
BRDA:205,17,0,2
BRDA:205,17,1,2
BRDA:209,18,0,2
BRDA:209,18,1,2
BRF:38
BRH:19
end_of_record
TN:
SF:/Users/junronngcai/Documents/projects/vjs-imooc/lib/fields/NumberField.tsx
FN:8,(anonymous_0)
FN:9,(anonymous_1)
FN:23,(anonymous_2)
FNF:3
FNH:3
FNDA:5,(anonymous_0)
FNDA:1,(anonymous_1)
FNDA:8,(anonymous_2)
DA:1,3
DA:3,3
DA:5,3
DA:9,5
DA:10,1
DA:12,1
DA:14,1
DA:15,0
DA:17,1
DA:21,5
DA:23,5
DA:24,8
DA:26,8
DA:28,8
LF:14
LH:13
BRDA:14,0,0,0
BRDA:14,0,1,1
BRF:2
BRH:1
end_of_record
TN:
SF:/Users/junronngcai/Documents/projects/vjs-imooc/lib/fields/ObjectField.tsx
FN:33,(anonymous_0)
FN:36,(anonymous_1)
FN:48,(anonymous_2)
FN:57,(anonymous_3)
FN:65,(anonymous_4)
FNF:5
FNH:5
FNDA:3,(anonymous_0)
FNDA:3,(anonymous_1)
FNDA:6,(anonymous_2)
FNDA:12,(anonymous_3)
FNDA:3,(anonymous_4)
DA:10,3
DA:11,3
DA:12,3
DA:18,3
DA:30,3
DA:34,3
DA:36,3
DA:37,3
DA:39,3
DA:40,1
DA:42,2
DA:45,3
DA:48,3
DA:49,6
DA:51,6
DA:53,6
DA:55,6
DA:57,12
DA:65,3
LF:19
LH:19
BRDA:37,0,0,3
BRDA:37,0,1,0
BRDA:39,1,0,1
BRDA:39,1,1,2
BRDA:53,2,0,6
BRDA:53,2,1,0
BRDA:55,3,0,6
BRDA:55,3,1,0
BRDA:61,4,0,0
BRDA:61,4,1,12
BRDA:61,5,0,0
BRDA:61,5,1,0
BRDA:63,6,0,12
BRDA:63,6,1,12
BRF:14
BRH:8
end_of_record
TN:
SF:/Users/junronngcai/Documents/projects/vjs-imooc/lib/fields/StringField.tsx
FN:9,(anonymous_0)
FN:10,(anonymous_1)
FN:15,(anonymous_2)
FN:20,(anonymous_3)
FN:25,(anonymous_4)
FNF:5
FNH:4
FNDA:6,(anonymous_0)
FNDA:0,(anonymous_1)
FNDA:9,(anonymous_2)
FNDA:9,(anonymous_3)
FNDA:9,(anonymous_4)
DA:3,3
DA:4,3
DA:6,3
DA:10,6
DA:12,0
DA:15,6
DA:16,9
DA:17,9
DA:20,6
DA:21,9
DA:22,9
DA:25,6
DA:26,9
DA:28,9
DA:30,9
LF:15
LH:14
BRF:0
BRH:0
end_of_record
TN:
SF:/Users/junronngcai/Documents/projects/vjs-imooc/lib/theme-default/FormItem.tsx
FN:24,(anonymous_0)
FN:26,(anonymous_1)
FN:34,(anonymous_2)
FN:47,withFormItem
FN:51,(anonymous_4)
FN:52,(anonymous_5)
FN:53,(anonymous_6)
FNF:7
FNH:6
FNDA:12,(anonymous_0)
FNDA:18,(anonymous_1)
FNDA:0,(anonymous_2)
FNDA:9,withFormItem
FNDA:12,(anonymous_4)
FNDA:18,(anonymous_5)
FNDA:18,(anonymous_6)
DA:2,3
DA:4,3
DA:6,3
DA:21,3
DA:25,12
DA:26,12
DA:27,18
DA:28,18
DA:29,18
DA:34,0
DA:44,3
DA:48,9
DA:52,12
DA:53,36
LF:14
LH:13
BRDA:32,0,0,18
BRDA:32,0,1,18
BRF:2
BRH:2
end_of_record
TN:
SF:/Users/junronngcai/Documents/projects/vjs-imooc/lib/theme-default/NumberWidget.tsx
FN:9,(anonymous_0)
FN:10,(anonymous_1)
FN:15,(anonymous_2)
FNF:3
FNH:3
FNDA:5,(anonymous_0)
FNDA:1,(anonymous_1)
FNDA:8,(anonymous_2)
DA:1,3
DA:4,3
DA:6,3
DA:10,5
DA:11,1
DA:12,1
DA:13,1
DA:15,5
DA:16,8
DA:28,3
LF:10
LH:10
BRF:0
BRH:0
end_of_record
TN:
SF:/Users/junronngcai/Documents/projects/vjs-imooc/lib/theme-default/SelectionWidget.tsx
FN:10,(anonymous_0)
FN:13,(anonymous_1)
FN:20,(anonymous_2)
FN:21,(anonymous_3)
FN:28,(anonymous_4)
FN:32,(anonymous_5)
FN:34,(anonymous_6)
FN:36,(anonymous_7)
FNF:8
FNH:5
FNDA:1,(anonymous_0)
FNDA:0,(anonymous_1)
FNDA:1,(anonymous_2)
FNDA:0,(anonymous_3)
FNDA:1,(anonymous_4)
FNDA:1,(anonymous_5)
FNDA:0,(anonymous_6)
FNDA:3,(anonymous_7)
DA:2,3
DA:4,3
DA:6,3
DA:11,1
DA:13,1
DA:14,0
DA:15,0
DA:19,1
DA:20,1
DA:22,0
DA:23,0
DA:28,1
DA:29,1
DA:32,1
DA:33,1
DA:34,1
DA:35,0
DA:36,3
DA:46,3
LF:19
LH:14
BRDA:14,0,0,0
BRDA:14,0,1,0
BRDA:22,1,0,0
BRDA:22,1,1,0
BRF:4
BRH:0
end_of_record
TN:
SF:/Users/junronngcai/Documents/projects/vjs-imooc/lib/theme-default/TextWidget.tsx
FN:10,(anonymous_0)
FN:11,(anonymous_1)
FN:16,(anonymous_2)
FN:18,(anonymous_3)
FNF:4
FNH:3
FNDA:6,(anonymous_0)
FNDA:0,(anonymous_1)
FNDA:9,(anonymous_2)
FNDA:9,(anonymous_3)
DA:1,3
DA:4,3
DA:6,3
DA:11,6
DA:12,0
DA:14,0
DA:16,6
DA:18,9
DA:19,9
DA:24,9
DA:37,3
LF:11
LH:9
BRDA:20,0,0,9
BRDA:20,0,1,9
BRDA:20,0,2,9
BRF:3
BRH:3
end_of_record
TN:
SF:/Users/junronngcai/Documents/projects/vjs-imooc/lib/theme-default/index.tsx
FN:10,(anonymous_0)
FN:11,(anonymous_1)
FNF:2
FNH:0
FNDA:0,(anonymous_0)
FNDA:0,(anonymous_1)
DA:1,3
DA:2,3
DA:3,3
DA:5,3
DA:6,3
DA:8,3
DA:11,0
DA:15,3
LF:8
LH:7
BRF:0
BRH:0
end_of_record
TN:
SF:/Users/junronngcai/Documents/projects/vjs-imooc/lib/widgets/Selection.tsx
FN:21,(anonymous_0)
FN:24,(anonymous_1)
FN:31,(anonymous_2)
FN:32,(anonymous_3)
FN:39,(anonymous_4)
FN:43,(anonymous_5)
FN:45,(anonymous_6)
FN:47,(anonymous_7)
FNF:8
FNH:0
FNDA:0,(anonymous_0)
FNDA:0,(anonymous_1)
FNDA:0,(anonymous_2)
FNDA:0,(anonymous_3)
FNDA:0,(anonymous_4)
FNDA:0,(anonymous_5)
FNDA:0,(anonymous_6)
FNDA:0,(anonymous_7)
DA:3,3
DA:22,0
DA:24,0
DA:25,0
DA:26,0
DA:30,0
DA:31,0
DA:33,0
DA:34,0
DA:39,0
DA:40,0
DA:43,0
DA:44,0
DA:45,0
DA:46,0
DA:47,0
LF:16
LH:1
BRDA:25,0,0,0
BRDA:25,0,1,0
BRDA:33,1,0,0
BRDA:33,1,1,0
BRF:4
BRH:0
end_of_record
TN:
SF:/Users/junronngcai/Documents/projects/vjs-imooc/tests/unit/utils/TestComponent.tsx
FN:9,(anonymous_0)
FN:10,(anonymous_1)
FN:33,(anonymous_3)
FN:34,(anonymous_4)
FNF:4
FNH:4
FNDA:7,(anonymous_0)
FNDA:14,(anonymous_1)
FNDA:7,(anonymous_3)
FNDA:14,(anonymous_4)
DA:2,3
DA:3,3
DA:8,3
DA:10,14
DA:18,3
DA:34,14
LF:6
LH:6
BRDA:12,0,0,7
BRDA:12,0,1,7
BRF:2
BRH:2
end_of_record
